{"payload":{"updateId": "01922aaa-ad4c-731f-a696-086f32fa53c8","mutation":{"type":"projectAdd","projectAdd":{"createdAt":[1713386548,306000000],"id":"01922aaa-ad4c-731f-a696-086f32fa53c8","name":"Hornbeam"}}}}
{"payload":{"updateId": "018ef5ff-7e04-7cd8-a4d2-506c4a94cbd1","mutation":{"type":"categoryAdd","categoryAdd":{"color":{"presetColorId": "018ef5cd-f61c-7b36-bd3c-b129e09f19e6"},"createdAt":[1713386548,306000000],"id":"018ec4b8-30c5-7c09-a519-4b460db76da5","name":"Goal","projectId":"01922aaa-ad4c-731f-a696-086f32fa53c8"}}}}
{"payload":{"updateId": "018ef5ff-7e04-7cd8-a4d2-506c4a94cbd2","mutation":{"type":"categoryAdd","categoryAdd":{"color":{"presetColorId": "018ef5cf-1695-7594-8585-3e2a3486b1d9"},"createdAt":[1713386548,306000000],"id":"018ec4b8-30c5-7c09-a519-4b499ba9020c","name":"User Task","projectId":"01922aaa-ad4c-731f-a696-086f32fa53c8"}}}}
{"payload":{"updateId": "018ef5ff-7e04-7cd8-a4d2-506c4a94cbd3","mutation":{"type":"categoryAdd","categoryAdd":{"color":{"presetColorId": "018ef5cf-3c4a-7003-bc9e-3779b7bfd8d4"},"createdAt":[1713386548,306000000],"id":"018ec4b8-30c5-7c09-a519-4b4a243ce8c3","name":"Detail","projectId":"01922aaa-ad4c-731f-a696-086f32fa53c8"}}}}
{"payload":{"updateId": "018ef5ff-7e04-7cd8-a4d2-506c4a94cbd4","mutation":{"type":"categoryAdd","categoryAdd":{"color":{"presetColorId": "018ef5cf-69f6-70bd-b00c-383b7ba25078"},"createdAt":[1713386548,306000000],"id":"018ec4b8-30c5-7c09-a519-4b486f2cb5c2","name":"Question","projectId":"01922aaa-ad4c-731f-a696-086f32fa53c8"}}}}
{"payload":{"updateId": "018ef5ff-7e04-7cd8-a4d2-506c4a94cbd5","mutation":{"type":"categoryAdd","categoryAdd":{"color":{"presetColorId": "018ef5cf-8e55-766e-9fbe-2ec21b1b0d51"},"createdAt":[1713386548,306000000],"id":"018ec4b8-30c5-7c09-a519-4b47c6a3cb5c","name":"Risk","projectId":"01922aaa-ad4c-731f-a696-086f32fa53c8"}}}}
{"payload":{"updateId": "018ef5ff-7e04-7cd8-a4d2-506c4a94cbd6","mutation":{"type":"categoryAdd","categoryAdd":{"color":{"presetColorId": "018ef5cf-ae92-77c9-b38a-4c6fec834693"},"createdAt":[1713386548,306000000],"id":"018ec4b8-30c5-7c09-a519-4b45f141679a","name":"Bug","projectId":"01922aaa-ad4c-731f-a696-086f32fa53c8"}}}}
{"index":0,"payload":{"updateId":"018eec0d-2c17-7bc8-b029-97da21fe6aa0","mutation":{"type":"cardAdd","cardAdd":{"categoryId":"018ec4b8-30c5-7c09-a519-4b460db76da5","id":"018eec0d-282e-747b-914a-6becdca31410","parentCardId":null,"text":"Build a shared understanding of a project, from user & business goals to implementation details"}}}}
{"index":1,"payload":{"updateId":"018eec0e-d945-7906-97e1-f08648d5d832","mutation":{"type":"cardAdd","cardAdd":{"categoryId":"018ec4b8-30c5-7c09-a519-4b499ba9020c","id":"018eec0e-d55e-78ff-a3a5-475ca69804cf","parentCardId":"018eec0d-282e-747b-914a-6becdca31410","text":"Add a card"}}}}
{"index":4,"payload":{"updateId":"018eec10-406f-7a82-bfa1-c2ec63321f09","mutation":{"type":"cardEdit","cardEdit":{"categoryId":"018ec4b8-30c5-7c09-a519-4b499ba9020c","id":"018eec0e-d55e-78ff-a3a5-475ca69804cf","parentCardId":"018eec0d-282e-747b-914a-6becdca31410","text":"Add a card with hard-coded text"}}}}
{"index":5,"payload":{"updateId":"018eec11-279f-7526-b1cd-31efbf27eb50","mutation":{"type":"cardAdd","cardAdd":{"categoryId":"018ec4b8-30c5-7c09-a519-4b499ba9020c","id":"018eec11-279f-7526-b1cd-31ee12fc764a","parentCardId":"018eec0d-282e-747b-914a-6becdca31410","text":"Add child card"}}}}
{"index":6,"payload":{"updateId":"018eec11-620c-7013-8457-68c17c1a535c","mutation":{"type":"cardAdd","cardAdd":{"categoryId":"018ec4b8-30c5-7c09-a519-4b4a243ce8c3","id":"018eec11-620c-7013-8457-68c040a55b3e","parentCardId":"018eec11-279f-7526-b1cd-31ee12fc764a","text":"Select a card"}}}}
{"index":7,"payload":{"updateId":"018eec11-d2e0-7d62-99be-bea9a8186835","mutation":{"type":"cardAdd","cardAdd":{"categoryId":"018ec4b8-30c5-7c09-a519-4b4a243ce8c3","id":"018eec11-d2e0-7d62-99be-bea8c46e8f23","parentCardId":"018eec0e-d55e-78ff-a3a5-475ca69804cf","text":"Button and modal for adding card"}}}}
{"index":8,"payload":{"updateId":"018eec12-232c-7faf-8986-27efa2cfc2ac","mutation":{"type":"cardAdd","cardAdd":{"categoryId":"018ec4b8-30c5-7c09-a519-4b4a243ce8c3","id":"018eec12-232c-7faf-8986-27ee1115d57c","parentCardId":"018eec0e-d55e-78ff-a3a5-475ca69804cf","text":"Render existing cards"}}}}
{"index":9,"payload":{"updateId":"018eec13-713c-7a6f-9393-e9cabb0683f7","mutation":{"type":"cardAdd","cardAdd":{"categoryId":"018ec4b8-30c5-7c09-a519-4b4a243ce8c3","id":"018eec13-713c-7a6f-9393-e9c9302ae155","parentCardId":"018eec11-279f-7526-b1cd-31ee12fc764a","text":"When card is selected, set parent of new cards"}}}}
{"index":10,"payload":{"updateId":"018eec13-a31e-7806-b922-9642333dc61e","mutation":{"type":"cardAdd","cardAdd":{"categoryId":"018ec4b8-30c5-7c09-a519-4b4a243ce8c3","id":"018eec13-a31e-7806-b922-9641a93aaecd","parentCardId":"018eec11-279f-7526-b1cd-31ee12fc764a","text":"Render cards as a tree"}}}}
{"index":11,"payload":{"updateId":"018eec13-ebe0-7940-b498-7891ed0dab1e","mutation":{"type":"cardAdd","cardAdd":{"categoryId":"018ec4b8-30c5-7c09-a519-4b486f2cb5c2","id":"018eec13-ebe0-7940-b498-7890c951df66","parentCardId":"018eec13-a31e-7806-b922-9641a93aaecd","text":"Vertical or horizontal tree?"}}}}
{"index":12,"payload":{"updateId":"018eec14-b742-755d-be8e-92829a3eb890","mutation":{"type":"cardAdd","cardAdd":{"categoryId":"018ec4b8-30c5-7c09-a519-4b486f2cb5c2","id":"018eec14-b742-755d-be8e-9281bfc5976b","parentCardId":"018eec13-a31e-7806-b922-9641a93aaecd","text":"Fixed or variable size cards?"}}}}
{"index":13,"payload":{"updateId":"018eec15-3a64-76cb-98ce-b2523712174f","mutation":{"type":"cardAdd","cardAdd":{"categoryId":"018ec4b8-30c5-7c09-a519-4b486f2cb5c2","id":"018eec15-3a64-76cb-98ce-b251cb4db239","parentCardId":"018eec11-620c-7013-8457-68c040a55b3e","text":"Use browser notion of selection (tabindex)?"}}}}
{"index":14,"payload":{"updateId":"018eec16-c6b6-768b-85d1-e877acf28e51","mutation":{"type":"cardAdd","cardAdd":{"categoryId":"018ec4b8-30c5-7c09-a519-4b486f2cb5c2","id":"018eec16-c6b6-768b-85d1-e876164c1a2b","parentCardId":"018eec11-279f-7526-b1cd-31ee12fc764a","text":"Separate button for adding child cards?"}}}}
{"index":15,"payload":{"updateId":"018eec16-f2ad-78cd-a0ca-f9fcf51a07dc","mutation":{"type":"cardAdd","cardAdd":{"categoryId":"018ec4b8-30c5-7c09-a519-4b499ba9020c","id":"018eec16-f2ab-797b-8eb8-b3ff89471b88","parentCardId":"018eec0d-282e-747b-914a-6becdca31410","text":"Set card text when adding a card"}}}}
{"index":16,"payload":{"updateId":"018eec17-b2c1-7cc9-a084-3f6908eb93ee","mutation":{"type":"cardAdd","cardAdd":{"categoryId":"018ec4b8-30c5-7c09-a519-4b499ba9020c","id":"018eec17-b2c1-7cc9-a084-3f682108658b","parentCardId":"018eec0d-282e-747b-914a-6becdca31410","text":"Filter cards / different views"}}}}
{"index":17,"payload":{"updateId":"018eec18-098c-7354-93db-f6846fe02200","mutation":{"type":"cardAdd","cardAdd":{"categoryId":"018ec4b8-30c5-7c09-a519-4b499ba9020c","id":"018eec18-098c-7354-93db-f683329b26ee","parentCardId":"018eec0d-282e-747b-914a-6becdca31410","text":"Set status of card"}}}}
{"index":18,"payload":{"updateId":"018eec18-2b09-7b22-bee2-b330e4fd3557","mutation":{"type":"cardAdd","cardAdd":{"categoryId":"018ec4b8-30c5-7c09-a519-4b499ba9020c","id":"018eec18-2b09-7b22-bee2-b32f1844d64f","parentCardId":"018eec0d-282e-747b-914a-6becdca31410","text":"Reorder cards"}}}}
{"index":19,"payload":{"updateId":"018eec18-5787-7c76-823d-674965b8c3f5","mutation":{"type":"cardAdd","cardAdd":{"categoryId":"018ec4b8-30c5-7c09-a519-4b499ba9020c","id":"018eec18-5787-7c76-823d-674864303b81","parentCardId":"018eec0d-282e-747b-914a-6becdca31410","text":"Delete cards"}}}}
{"index":20,"payload":{"updateId":"018eec18-6e07-7c50-a6c3-f037770e627d","mutation":{"type":"cardAdd","cardAdd":{"categoryId":"018ec4b8-30c5-7c09-a519-4b499ba9020c","id":"018eec18-6e07-7c50-a6c3-f036109b37ed","parentCardId":"018eec0d-282e-747b-914a-6becdca31410","text":"Edit cards"}}}}
{"index":21,"payload":{"updateId":"018eec18-dd1d-7a36-95b2-8c9721550df9","mutation":{"type":"cardAdd","cardAdd":{"categoryId":"018ec4b8-30c5-7c09-a519-4b499ba9020c","id":"018eec18-dd1d-7a36-95b2-8c9603487e57","parentCardId":"018eec0d-282e-747b-914a-6becdca31410","text":"Add comments to cards"}}}}
{"index":22,"payload":{"updateId":"018eec19-fba4-7abb-b291-8ade8d63a8c4","mutation":{"type":"cardAdd","cardAdd":{"categoryId":"018ec4b8-30c5-7c09-a519-4b499ba9020c","id":"018eec19-fba4-7abb-b291-8add70b96bfa","parentCardId":"018eec0d-282e-747b-914a-6becdca31410","text":"Select category for each card from hard-coded list"}}}}
{"index":23,"payload":{"updateId":"018eec1a-49e0-7898-b957-13bc434f4d5b","mutation":{"type":"cardAdd","cardAdd":{"categoryId":"018ec4b8-30c5-7c09-a519-4b4a243ce8c3","id":"018eec1a-49e0-7898-b957-13bb477fcc5f","parentCardId":"018eec19-fba4-7abb-b291-8add70b96bfa","text":"Update card forms to include category"}}}}
{"index":24,"payload":{"updateId":"018eec1a-62b5-7f43-9449-94bc8a0cf71c","mutation":{"type":"cardAdd","cardAdd":{"categoryId":"018ec4b8-30c5-7c09-a519-4b4a243ce8c3","id":"018eec1a-62b5-7f43-9449-94bbe52ec496","parentCardId":"018eec19-fba4-7abb-b291-8add70b96bfa","text":"Colour cards by category"}}}}
{"index":25,"payload":{"updateId":"018eec1a-94bf-7454-85f6-21cf3d00c4a4","mutation":{"type":"cardAdd","cardAdd":{"categoryId":"018ec4b8-30c5-7c09-a519-4b486f2cb5c2","id":"018eec1a-94bf-7454-85f6-21ce0d00e375","parentCardId":"018eec1a-62b5-7f43-9449-94bbe52ec496","text":"Colouring by status?"}}}}
{"index":26,"payload":{"updateId":"018eec2f-c406-7e4d-887c-f3c6ede92635","mutation":{"type":"cardAdd","cardAdd":{"categoryId":"018ec4b8-30c5-7c09-a519-4b499ba9020c","id":"018eec2f-c406-7e4d-887c-f3c53db54336","parentCardId":"018eec0d-282e-747b-914a-6becdca31410","text":"View cards over time"}}}}
{"index":27,"payload":{"updateId":"018ef206-7502-7997-9563-e8a5f5923031","mutation":{"type":"cardAdd","cardAdd":{"categoryId":"018ec4b8-30c5-7c09-a519-4b486f2cb5c2","createdAt":[1713457493,250000000],"id":"018ef206-7502-7997-9563-e8a4bfb3d8b4","parentCardId":"018eec18-5787-7c76-823d-674864303b81","text":"Deletion as a status?"}}}}
{"payload":{"updateId":"018ef6ca-76ed-7223-9bbd-9d2df232aa14","mutation":{"type":"cardAdd","cardAdd":{"categoryId":"018ec4b8-30c5-7c09-a519-4b499ba9020c","createdAt":[1713537447,661000000],"id":"018ef6ca-76ed-7223-9bbd-9d2c909832f5","parentCardId":"018eec0d-282e-747b-914a-6becdca31410","text":"Pruned view to get an overview"}}}}
{"payload":{"updateId":"018ef6ca-a6f5-7391-9441-792bbe38d474","mutation":{"type":"cardAdd","cardAdd":{"categoryId":"018ec4b8-30c5-7c09-a519-4b499ba9020c","createdAt":[1713537459,957000000],"id":"018ef6ca-a6f5-7391-9441-792a4e8fc497","parentCardId":"018eec0d-282e-747b-914a-6becdca31410","text":"Focus on subtree"}}}}
{"payload":{"updateId":"018ef716-ece1-7bae-a62a-acdf0bd25381","mutation":{"type":"commentAdd","commentAdd":{"cardId":"018eec15-3a64-76cb-98ce-b251cb4db239","createdAt":[1713542458,593000000],"id":"018ef716-ece1-7bae-a62a-acdea86bf689","text":"For now, don't use browser selection: we want a card to remain selected even as other elements (such as textareas when adding a comment to a card) are focused."}}}}
{"payload":{"updateId":"018ef728-7b8a-7a55-a925-88ef85ba4723","mutation":{"type":"commentAdd","commentAdd":{"cardId":"018eec13-ebe0-7940-b498-7890c951df66","createdAt":[1713543609,226000000],"id":"018ef728-7b8a-7a55-a925-88ee7ea0439f","text":"Started off with a vertical tree (i.e. root at the top), but switched to horizontal since this fits the available space better: generally, trees (or rather, the subtree you want to look at at any given time) will be broad rather than deep, and a horizontal tree allows more cards to be visible at once at the same depth (since cards are wider than they are tall), and allows them to be scrolled easily (since vertical scrolling is usually easier than horizontal scrolling)."}}}}
{"payload":{"updateId":"018ef729-c708-7944-a0d8-789242166d12","mutation":{"type":"commentAdd","commentAdd":{"cardId":"018eec14-b742-755d-be8e-9281bfc5976b","createdAt":[1713543694,88000000],"id":"018ef729-c708-7944-a0d8-7891e1010f9b","text":"Fixed size cards look nicer and make the rendering (of branches in particular) much easier, but it might not be obvious that a card has had text cut off.\n\nI'm tempted to stick with fixed sized cards to encourage pithy cards, but should find a way to indicate cut-off text."}}}}
{"payload":{"updateId":"018efb0b-eb02-795f-baed-0310e7946f50","mutation":{"type":"cardEdit","cardEdit":{"id":"018eec17-b2c1-7cc9-a084-3f682108658b","status":"deleted"}}}}
{"payload":{"updateId":"018efb27-7018-78c6-bc15-67be5a73edce","mutation":{"type":"cardEdit","cardEdit":{"id":"018eec11-d2e0-7d62-99be-bea8c46e8f23","status":"done"}}}}
{"payload":{"updateId":"018efb27-8258-710b-9b38-48bbcbcd247a","mutation":{"type":"cardEdit","cardEdit":{"id":"018eec12-232c-7faf-8986-27ee1115d57c","status":"done"}}}}
{"payload":{"updateId":"018efb27-a310-7c11-afc3-1f358ef3d590","mutation":{"type":"cardEdit","cardEdit":{"id":"018eec0e-d55e-78ff-a3a5-475ca69804cf","status":"done"}}}}
{"payload":{"updateId":"018efb27-f6a8-7579-b01a-4d3ff956814b","mutation":{"type":"cardEdit","cardEdit":{"id":"018eec15-3a64-76cb-98ce-b251cb4db239","status":"done"}}}}
{"payload":{"updateId":"018efb28-056a-72cb-953d-11992a4565cd","mutation":{"type":"cardEdit","cardEdit":{"id":"018eec11-620c-7013-8457-68c040a55b3e","status":"done"}}}}
{"payload":{"updateId":"018efb28-1410-727f-a5aa-4442ba465ed9","mutation":{"type":"cardEdit","cardEdit":{"id":"018eec13-713c-7a6f-9393-e9c9302ae155","status":"done"}}}}
{"payload":{"updateId":"018efb28-274c-782d-8c6b-d4e0a7d36d5f","mutation":{"type":"cardEdit","cardEdit":{"id":"018eec13-a31e-7806-b922-9641a93aaecd","status":"done"}}}}
{"payload":{"updateId":"018efb28-385b-7102-ae95-c1780826b5c0","mutation":{"type":"cardEdit","cardEdit":{"id":"018eec11-279f-7526-b1cd-31ee12fc764a","status":"done"}}}}
{"payload":{"updateId":"018efb2a-b464-7c33-b105-c79425b72dd6","mutation":{"type":"cardEdit","cardEdit":{"id":"018eec13-ebe0-7940-b498-7890c951df66","status":"done"}}}}
{"payload":{"updateId":"018efb2a-c00e-7279-bd79-8b18a0f303cb","mutation":{"type":"cardEdit","cardEdit":{"id":"018eec14-b742-755d-be8e-9281bfc5976b","status":"done"}}}}
{"payload":{"updateId":"018efb2a-e907-715e-9f01-adbee3762bfd","mutation":{"type":"cardEdit","cardEdit":{"id":"018eec16-c6b6-768b-85d1-e876164c1a2b","status":"done"}}}}
{"payload":{"updateId":"018efb2b-a9b2-7768-ad07-e5e35df91a60","mutation":{"type":"commentAdd","commentAdd":{"cardId":"018eec16-c6b6-768b-85d1-e876164c1a2b","createdAt":[1713610926,514000000],"id":"018efb2b-a9b2-7768-ad07-e5e286eaf58b","text":"Handled by showing a card detail view in the sidebar (and not the top-level sidebar which contains the general \"Add card\" button) when a card is selected, which includes a specific button for adding a child."}}}}
{"payload":{"updateId":"018efb2d-0880-7eec-bee9-a670c3b3009e","mutation":{"type":"cardEdit","cardEdit":{"id":"018eec16-f2ab-797b-8eb8-b3ff89471b88","status":"done"}}}}
{"payload":{"updateId":"018efb2d-18d5-742e-acb0-6583f330eeec","mutation":{"type":"cardEdit","cardEdit":{"id":"018eec18-098c-7354-93db-f683329b26ee","status":"done"}}}}
{"payload":{"updateId":"018efb2d-3341-72d1-8c36-bd53da517d28","mutation":{"type":"cardEdit","cardEdit":{"id":"018ef206-7502-7997-9563-e8a4bfb3d8b4","status":"done"}}}}
{"payload":{"updateId":"018efb2d-b064-7e9f-a3b3-d41749ff144f","mutation":{"type":"commentAdd","commentAdd":{"cardId":"018ef206-7502-7997-9563-e8a4bfb3d8b4","createdAt":[1713611059,300000000],"id":"018efb2d-b064-7e9f-a3b3-d416982b69ce","text":"Deletion as a status makes it easier to deal with things like children of deleted cards."}}}}
{"payload":{"updateId":"018efb2d-cbbc-7bf7-8656-85122f916c7e","mutation":{"type":"cardEdit","cardEdit":{"id":"018eec18-5787-7c76-823d-674864303b81","status":"done"}}}}
{"payload":{"updateId":"018efb2d-e424-7283-a805-2d68dded0d3f","mutation":{"type":"cardEdit","cardEdit":{"id":"018eec18-6e07-7c50-a6c3-f036109b37ed","status":"done"}}}}
{"payload":{"updateId":"018efb2d-f472-757f-88d4-1e5a90e7fd5e","mutation":{"type":"cardEdit","cardEdit":{"id":"018eec18-dd1d-7a36-95b2-8c9603487e57","status":"done"}}}}
{"payload":{"updateId":"018efb2e-2b08-7004-9c0a-132531d42d3b","mutation":{"type":"commentAdd","commentAdd":{"cardId":"018eec18-dd1d-7a36-95b2-8c9603487e57","createdAt":[1713611090,696000000],"id":"018efb2e-2b08-7004-9c0a-1324bfb7061d","text":"We probably want some notion of a user at some point, but we can live without for now."}}}}
{"payload":{"updateId":"018efb2e-9e4f-70ef-b0c8-d7085284a47f","mutation":{"type":"commentAdd","commentAdd":{"cardId":"018eec1a-94bf-7454-85f6-21ce0d00e375","createdAt":[1713611120,207000000],"id":"018efb2e-9e4f-70ef-b0c8-d707ba255bff","text":"Try just colour for category for now, and we'll see if there are other ways of indicating status."}}}}
{"payload":{"updateId":"018efb2e-b7b7-7710-a20e-9ec5b3ca73e6","mutation":{"type":"cardEdit","cardEdit":{"id":"018eec1a-94bf-7454-85f6-21ce0d00e375","status":"done"}}}}
{"payload":{"updateId":"018efb2e-c98b-7765-b109-2bbd1b84711a","mutation":{"type":"cardEdit","cardEdit":{"id":"018eec1a-62b5-7f43-9449-94bbe52ec496","status":"done"}}}}
{"payload":{"updateId":"018efb2e-d508-7b4f-bcb6-005fa065d806","mutation":{"type":"cardEdit","cardEdit":{"id":"018eec1a-49e0-7898-b957-13bb477fcc5f","status":"done"}}}}
{"payload":{"updateId":"018efb2e-e2fe-7730-95d6-444038e9c2e5","mutation":{"type":"cardEdit","cardEdit":{"id":"018eec19-fba4-7abb-b291-8add70b96bfa","status":"done"}}}}
{"payload":{"updateId":"018f00c0-d0f9-709b-a125-f893a5f352f8","mutation":{"type":"cardAdd","cardAdd":{"categoryId":"018ec4b8-30c5-7c09-a519-4b499ba9020c","createdAt":[1713704587,513000000],"id":"018f00c0-d0f9-709b-a125-f8924e56c162","parentCardId":"018eec0d-282e-747b-914a-6becdca31410","text":"Define categories"}}}}
{"payload":{"updateId":"018f00c2-e520-79c2-a9a5-3e6ebccea208","mutation":{"type":"cardAdd","cardAdd":{"categoryId":"018ec4b8-30c5-7c09-a519-4b499ba9020c","createdAt":[1713704723,744000000],"id":"018f00c2-e520-79c2-a9a5-3e6d06c3651a","parentCardId":"018f00c0-d0f9-709b-a125-f8924e56c162","text":"View existing categories"}}}}
{"payload":{"updateId":"018f00c3-0254-731f-b429-3753765e4bc0","mutation":{"type":"cardAdd","cardAdd":{"categoryId":"018ec4b8-30c5-7c09-a519-4b499ba9020c","createdAt":[1713704731,220000000],"id":"018f00c3-0254-731f-b429-37521774fa0b","parentCardId":"018f00c0-d0f9-709b-a125-f8924e56c162","text":"Add new categories"}}}}
{"payload":{"updateId":"018f00fb-6c06-7489-984c-bb03ac479f5d","mutation":{"type":"cardAdd","cardAdd":{"categoryId":"018ec4b8-30c5-7c09-a519-4b499ba9020c","createdAt":[1713708428,293000000],"id":"018f00fb-6c06-7489-984c-bb029107a2f7","parentCardId":"018f00c0-d0f9-709b-a125-f8924e56c162","text":"Reorder categories"}}}}
{"payload":{"updateId":"018f00fb-b214-746e-9c6e-0395a39bd0eb","mutation":{"type":"cardEdit","cardEdit":{"createdAt":[1713708446,228000000],"id":"018f00c2-e520-79c2-a9a5-3e6d06c3651a","status":"done"}}}}
{"payload":{"updateId":"018f00fb-c031-78ed-829f-268c9ce336ee","mutation":{"type":"cardEdit","cardEdit":{"createdAt":[1713708449,840000000],"id":"018f00c3-0254-731f-b429-37521774fa0b","status":"done"}}}}
{"payload":{"updateId":"018f0183-f2c3-708e-aba5-ab91cc55937d","mutation":{"type":"cardEdit","cardEdit":{"createdAt":[1713717375,683000000],"id":"018f00fb-6c06-7489-984c-bb029107a2f7","status":"done"}}}}
{"payload":{"updateId":"018f0184-c3c0-713d-9907-ff6283fb1a5e","mutation":{"type":"cardEdit","cardEdit":{"createdAt":[1713717429,184000000],"id":"018eec2f-c406-7e4d-887c-f3c53db54336","status":"done"}}}}
{"payload":{"updateId":"018f01a9-78ed-7a97-9826-636016890a0e","mutation":{"type":"cardEdit","cardEdit":{"createdAt":[1713719834,861000000],"id":"018f00c0-d0f9-709b-a125-f8924e56c162","status":"done"}}}}
{"payload":{"updateId":"018f023a-c69d-706e-ae6b-9321b558d63a","mutation":{"type":"cardEdit","cardEdit":{"createdAt":[1713729357,469000000],"id":"018eec18-5787-7c76-823d-674864303b81","text":"Delete selected card"}}}}
{"payload":{"updateId":"018f023b-1c33-7c84-bd2a-4fe624226081","mutation":{"type":"cardAdd","cardAdd":{"categoryId":"018ec4b8-30c5-7c09-a519-4b499ba9020c","createdAt":[1713729379,379000000],"id":"018f023b-1c33-7c84-bd2a-4fe598b16c71","parentCardId":null,"text":"Add cards"}}}}
{"payload":{"updateId":"018f023b-4141-7195-9e48-2e7019b51c25","mutation":{"type":"cardEdit","cardEdit":{"createdAt":[1713729388,865000000],"id":"018f023b-1c33-7c84-bd2a-4fe598b16c71","parentCardId":"018eec0d-282e-747b-914a-6becdca31410"}}}}
{"payload":{"updateId":"018f023b-6a0a-71e7-b68d-1ff819169282","mutation":{"type":"cardEdit","cardEdit":{"createdAt":[1713729399,306000000],"id":"018eec0e-d55e-78ff-a3a5-475ca69804cf","parentCardId":"018f023b-1c33-7c84-bd2a-4fe598b16c71"}}}}
{"payload":{"updateId":"018f023b-8d24-78d0-b67a-162f347acb5d","mutation":{"type":"cardEdit","cardEdit":{"createdAt":[1713729408,292000000],"id":"018eec11-279f-7526-b1cd-31ee12fc764a","parentCardId":"018f023b-1c33-7c84-bd2a-4fe598b16c71"}}}}
{"payload":{"updateId":"018f023b-a03f-785d-b2a0-44da9f7c6114","mutation":{"type":"cardEdit","cardEdit":{"createdAt":[1713729413,183000000],"id":"018eec16-f2ab-797b-8eb8-b3ff89471b88","parentCardId":"018f023b-1c33-7c84-bd2a-4fe598b16c71"}}}}
{"payload":{"updateId":"018f028c-1523-7ce9-9244-e108aab6ff94","mutation":{"type":"cardMove","cardMove":{"createdAt":[1713734685,987000000],"direction":"up","id":"018f023b-1c33-7c84-bd2a-4fe598b16c71"}}}}
{"payload":{"updateId":"018f028c-1896-78f3-8c33-b3aeddb91da3","mutation":{"type":"cardMove","cardMove":{"createdAt":[1713734686,870000000],"direction":"up","id":"018f023b-1c33-7c84-bd2a-4fe598b16c71"}}}}
{"payload":{"updateId":"018f028c-1b79-7655-9ba9-c3dec5198df6","mutation":{"type":"cardMove","cardMove":{"createdAt":[1713734687,609000000],"direction":"up","id":"018f023b-1c33-7c84-bd2a-4fe598b16c71"}}}}
{"payload":{"updateId":"018f028c-288b-7314-b8b0-b44b3fe88986","mutation":{"type":"cardMove","cardMove":{"createdAt":[1713734690,955000000],"direction":"up","id":"018f023b-1c33-7c84-bd2a-4fe598b16c71"}}}}
{"payload":{"updateId":"018f028c-2afb-7b86-b3bf-d1897024b0b9","mutation":{"type":"cardMove","cardMove":{"createdAt":[1713734691,579000000],"direction":"up","id":"018f023b-1c33-7c84-bd2a-4fe598b16c71"}}}}
{"payload":{"updateId":"018f028c-2c98-7433-a455-15937b07576e","mutation":{"type":"cardMove","cardMove":{"createdAt":[1713734691,992000000],"direction":"up","id":"018f023b-1c33-7c84-bd2a-4fe598b16c71"}}}}
{"payload":{"updateId":"018f028c-2e00-7e89-b0a2-7c8fd8d9b7ef","mutation":{"type":"cardMove","cardMove":{"createdAt":[1713734692,352000000],"direction":"up","id":"018f023b-1c33-7c84-bd2a-4fe598b16c71"}}}}
{"payload":{"updateId":"018f028c-2f3e-77e0-916d-0fe63345de60","mutation":{"type":"cardMove","cardMove":{"createdAt":[1713734692,670000000],"direction":"up","id":"018f023b-1c33-7c84-bd2a-4fe598b16c71"}}}}
{"payload":{"updateId":"018f028c-309a-7ce2-848a-67e7b0df386e","mutation":{"type":"cardMove","cardMove":{"createdAt":[1713734693,18000000],"direction":"up","id":"018f023b-1c33-7c84-bd2a-4fe598b16c71"}}}}
{"payload":{"updateId":"018f028c-3302-7545-92dc-80333c4ea420","mutation":{"type":"cardMove","cardMove":{"createdAt":[1713734693,634000000],"direction":"up","id":"018f023b-1c33-7c84-bd2a-4fe598b16c71"}}}}
{"payload":{"updateId":"018f028c-80c8-706b-85ae-3dded850828c","mutation":{"type":"cardMove","cardMove":{"createdAt":[1713734713,544000000],"direction":"up","id":"018f00c0-d0f9-709b-a125-f8924e56c162"}}}}
{"payload":{"updateId":"018f028c-824c-7a8d-85ce-e322f092837c","mutation":{"type":"cardMove","cardMove":{"createdAt":[1713734713,932000000],"direction":"up","id":"018f00c0-d0f9-709b-a125-f8924e56c162"}}}}
{"payload":{"updateId":"018f028c-8406-755b-9a28-197c2e7ae1e1","mutation":{"type":"cardMove","cardMove":{"createdAt":[1713734714,374000000],"direction":"up","id":"018f00c0-d0f9-709b-a125-f8924e56c162"}}}}
{"payload":{"updateId":"018f028c-b4ef-7230-8e53-256e88a1d7e0","mutation":{"type":"cardMove","cardMove":{"createdAt":[1713734726,895000000],"direction":"down","id":"018eec18-dd1d-7a36-95b2-8c9603487e57"}}}}
{"payload":{"updateId":"018f028c-b619-753b-86de-c5740f0ad143","mutation":{"type":"cardMove","cardMove":{"createdAt":[1713734727,193000000],"direction":"down","id":"018eec18-dd1d-7a36-95b2-8c9603487e57"}}}}
{"payload":{"updateId":"018f028d-061d-7dbc-a0bb-15b6317a0db3","mutation":{"type":"cardAdd","cardAdd":{"categoryId":"018ec4b8-30c5-7c09-a519-4b499ba9020c","createdAt":[1713734747,677000000],"id":"018f028d-061d-7dbc-a0bb-15b565713eb1","parentCardId":"018eec18-2b09-7b22-bee2-b32f1844d64f","text":"Drag and drop cards in card view"}}}}
{"payload":{"updateId":"018f028d-394a-7fd9-bb1f-730b3d96f78c","mutation":{"type":"cardAdd","cardAdd":{"categoryId":"018ec4b8-30c5-7c09-a519-4b499ba9020c","createdAt":[1713734760,778000000],"id":"018f028d-394a-7fd9-bb1f-730a05fae5df","parentCardId":"018eec18-2b09-7b22-bee2-b32f1844d64f","text":"Move up/down in card detail view"}}}}
{"payload":{"updateId":"018f028d-4c4a-7e94-938b-121a0b62ab65","mutation":{"type":"cardEdit","cardEdit":{"createdAt":[1713734765,642000000],"id":"018f028d-061d-7dbc-a0bb-15b565713eb1","text":"Drag and drop cards in cards view"}}}}
{"payload":{"updateId":"018f028d-6ac2-70ee-9905-f5b1d20bee12","mutation":{"type":"cardMove","cardMove":{"createdAt":[1713734773,442000000],"direction":"down","id":"018eec18-2b09-7b22-bee2-b32f1844d64f"}}}}
{"payload":{"updateId":"018f028d-6c6f-7d79-8526-d31745ba4eda","mutation":{"type":"cardMove","cardMove":{"createdAt":[1713734773,871000000],"direction":"down","id":"018eec18-2b09-7b22-bee2-b32f1844d64f"}}}}
{"payload":{"updateId":"018f028d-6e07-71dc-a039-2b9bc42016ed","mutation":{"type":"cardMove","cardMove":{"createdAt":[1713734774,279000000],"direction":"down","id":"018eec18-2b09-7b22-bee2-b32f1844d64f"}}}}
{"payload":{"updateId":"018f028d-7472-7e5e-ac31-ae7bb129f2e2","mutation":{"type":"cardMove","cardMove":{"createdAt":[1713734775,922000000],"direction":"down","id":"018eec18-2b09-7b22-bee2-b32f1844d64f"}}}}
{"payload":{"updateId":"018f028d-8175-7449-aa57-f75fdbd845a2","mutation":{"type":"cardMove","cardMove":{"createdAt":[1713734779,253000000],"direction":"down","id":"018eec18-2b09-7b22-bee2-b32f1844d64f"}}}}
{"payload":{"updateId":"018f028d-8577-7d72-b6ff-3074233576db","mutation":{"type":"cardMove","cardMove":{"createdAt":[1713734780,279000000],"direction":"down","id":"018eec18-2b09-7b22-bee2-b32f1844d64f"}}}}
{"payload":{"updateId":"018f028e-570c-7a5b-881c-f4afb56329c1","mutation":{"type":"cardAdd","cardAdd":{"categoryId":"018ec4b8-30c5-7c09-a519-4b499ba9020c","createdAt":[1713734833,932000000],"id":"018f028e-570c-7a5b-881c-f4aed7655fe6","parentCardId":"018eec18-098c-7354-93db-f683329b26ee","text":"Set status in card detail view"}}}}
{"payload":{"updateId":"018f028e-7496-7cc2-8e22-c7374f1ca9fa","mutation":{"type":"cardEdit","cardEdit":{"createdAt":[1713734841,494000000],"id":"018eec18-5787-7c76-823d-674864303b81","parentCardId":"018eec18-098c-7354-93db-f683329b26ee"}}}}
{"payload":{"updateId":"018f028e-8311-7ad5-b126-41ef92bd5b9b","mutation":{"type":"cardMove","cardMove":{"createdAt":[1713734845,201000000],"direction":"up","id":"018f028e-570c-7a5b-881c-f4aed7655fe6"}}}}
{"payload":{"updateId":"018f028f-449f-7808-a911-c0c86e18e506","mutation":{"type":"cardEdit","cardEdit":{"createdAt":[1713734894,751000000],"id":"018f00c0-d0f9-709b-a125-f8924e56c162","text":"Set a category for each card"}}}}
{"payload":{"updateId":"018f028f-6baa-7178-8fef-e3cf20434fe6","mutation":{"type":"cardEdit","cardEdit":{"createdAt":[1713734904,746000000],"id":"018eec19-fba4-7abb-b291-8add70b96bfa","parentCardId":"018f00c0-d0f9-709b-a125-f8924e56c162"}}}}
{"payload":{"updateId":"018f0290-0a42-7028-91d5-fcff9258c439","mutation":{"type":"cardEdit","cardEdit":{"createdAt":[1713734945,346000000],"id":"018f028d-394a-7fd9-bb1f-730a05fae5df","status":"done"}}}}
{"payload":{"updateId":"018f0290-53c3-7e2b-9a4e-3f506cfe1a1c","mutation":{"type":"cardEdit","cardEdit":{"createdAt":[1713734964,163000000],"id":"018f023b-1c33-7c84-bd2a-4fe598b16c71","status":"done"}}}}
{"payload":{"updateId":"018f257b-e37a-76a5-93b7-b4354fc03ff9","mutation":{"type":"cardAdd","cardAdd":{"categoryId":"018ec4b8-30c5-7c09-a519-4b499ba9020c","createdAt":[1714320827,258000000],"id":"018f257b-e37a-76a5-93b7-b4343e30761f","parentCardId":"018eec0d-282e-747b-914a-6becdca31410","text":"Define major subtrees so view is focused on appropriate context"}}}}
{"payload":{"updateId":"018f257c-39af-7343-8ee3-16e662f0be0e","mutation":{"type":"cardEdit","cardEdit":{"createdAt":[1714320849,327000000],"id":"018f257b-e37a-76a5-93b7-b4343e30761f","text":"Define major subtrees to focus on relevant context"}}}}
{"payload":{"updateId":"018f257c-66f4-7eef-8776-4f23cee6879a","mutation":{"type":"cardEdit","cardEdit":{"createdAt":[1714320860,916000000],"id":"018ef6ca-76ed-7223-9bbd-9d2c909832f5","parentCardId":"018f257b-e37a-76a5-93b7-b4343e30761f"}}}}
{"payload":{"updateId":"018f257c-7d19-7003-ade6-e075efd46bd1","mutation":{"type":"cardEdit","cardEdit":{"createdAt":[1714320866,585000000],"id":"018ef6ca-a6f5-7391-9441-792a4e8fc497","parentCardId":"018f257b-e37a-76a5-93b7-b4343e30761f"}}}}
{"payload":{"updateId":"018f257c-d04e-7971-8bf2-7dc503bab0c2","mutation":{"type":"cardEdit","cardEdit":{"createdAt":[1714320887,886000000],"id":"018ef6ca-76ed-7223-9bbd-9d2c909832f5","text":"Prune tree view at major subtree roots"}}}}
{"payload":{"updateId":"018f257c-f034-7c8a-b227-c334f9dce7ca","mutation":{"type":"cardEdit","cardEdit":{"createdAt":[1714320896,52000000],"id":"018ef6ca-a6f5-7391-9441-792a4e8fc497","text":"Focus on major subtree"}}}}
{"payload":{"updateId":"018f257d-21e4-7856-bac0-6088e7d5c37f","mutation":{"type":"cardAdd","cardAdd":{"categoryId":"018ec4b8-30c5-7c09-a519-4b499ba9020c","createdAt":[1714320908,772000000],"id":"018f257d-21e4-7856-bac0-608716f36f46","parentCardId":"018f257b-e37a-76a5-93b7-b4343e30761f","text":"Mark card as major subtree root"}}}}
{"payload":{"updateId":"018f257d-2a79-770f-b0bb-81d726cc47b9","mutation":{"type":"cardMove","cardMove":{"createdAt":[1714320910,969000000],"direction":"up","id":"018f257d-21e4-7856-bac0-608716f36f46"}}}}
{"payload":{"updateId":"018f257d-2bbd-7e55-9bbc-8ca2989e8ca4","mutation":{"type":"cardMove","cardMove":{"createdAt":[1714320911,293000000],"direction":"up","id":"018f257d-21e4-7856-bac0-608716f36f46"}}}}
{"payload":{"updateId":"018f265e-6b3f-755d-a6b6-4f6a6766acf4","mutation":{"type":"cardEdit","cardEdit":{"createdAt":[1714335673,151000000],"id":"018eec0d-282e-747b-914a-6becdca31410","text":"Build a shared understanding of a project, macro to micro"}}}}
{"payload":{"updateId":"018f35f6-1ae3-7013-9fad-3cc61cb7beb9","mutation":{"type":"cardEdit","cardEdit":{"isSubboardRoot":true,"createdAt":[1714597272,291000000],"id":"018f023b-1c33-7c84-bd2a-4fe598b16c71"}}}}
{"payload":{"updateId":"018f3613-b895-764b-84c9-731d502a0260","mutation":{"type":"cardEdit","cardEdit":{"isSubboardRoot":true,"createdAt":[1714599213,205000000],"id":"018eec18-098c-7354-93db-f683329b26ee"}}}}
{"payload":{"updateId":"018f3613-cfac-7744-afee-8fd50cbbee06","mutation":{"type":"cardEdit","cardEdit":{"isSubboardRoot":true,"createdAt":[1714599219,116000000],"id":"018f00c0-d0f9-709b-a125-f8924e56c162"}}}}
{"payload":{"updateId":"018f3614-e467-7175-8f09-7ddb6f653853","mutation":{"type":"cardEdit","cardEdit":{"status":"done","createdAt":[1714599289,959000000],"id":"018f257d-21e4-7856-bac0-608716f36f46"}}}}
{"payload":{"updateId":"018f3614-f0e5-7703-9511-2996ad0126fc","mutation":{"type":"cardEdit","cardEdit":{"status":"done","createdAt":[1714599293,157000000],"id":"018ef6ca-76ed-7223-9bbd-9d2c909832f5"}}}}
{"payload":{"updateId":"018f3614-fefb-75ef-8689-79ee8302be20","mutation":{"type":"cardEdit","cardEdit":{"status":"done","createdAt":[1714599296,763000000],"id":"018ef6ca-a6f5-7391-9441-792a4e8fc497"}}}}
{"payload":{"updateId":"018f3615-0cae-7fe1-8826-590d482d90a0","mutation":{"type":"cardEdit","cardEdit":{"status":"done","createdAt":[1714599300,270000000],"id":"018f257b-e37a-76a5-93b7-b4343e30761f"}}}}
{"payload":{"updateId":"018f3615-3f8a-77a1-94a1-a2ae1642f7af","mutation":{"type":"cardEdit","cardEdit":{"text":"Define subboards to focus on relevant context","createdAt":[1714599313,290000000],"id":"018f257b-e37a-76a5-93b7-b4343e30761f"}}}}
{"payload":{"updateId":"018f3615-6269-7b87-b1c3-84292cf32183","mutation":{"type":"cardEdit","cardEdit":{"text":"Mark card as subboard root","createdAt":[1714599322,217000000],"id":"018f257d-21e4-7856-bac0-608716f36f46"}}}}
{"payload":{"updateId":"018f3615-825f-7b55-8e6c-d618b6159cf1","mutation":{"type":"cardEdit","cardEdit":{"text":"Prune tree view at subboard roots","createdAt":[1714599330,399000000],"id":"018ef6ca-76ed-7223-9bbd-9d2c909832f5"}}}}
{"payload":{"updateId":"018f3615-9bc3-79eb-a36d-4963918b3209","mutation":{"type":"cardEdit","cardEdit":{"text":"Focus on subboard","createdAt":[1714599336,899000000],"id":"018ef6ca-a6f5-7391-9441-792a4e8fc497"}}}}
{"payload":{"updateId":"018f3615-a7f0-70ab-97f5-7c35b8cbe20d","mutation":{"type":"cardEdit","cardEdit":{"isSubboardRoot":true,"createdAt":[1714599340,16000000],"id":"018f257b-e37a-76a5-93b7-b4343e30761f"}}}}
{"payload":{"updateId":"0190f87c-d3da-7cf0-8c41-41bc714c531b","mutation":{"type":"cardAdd","cardAdd":{"categoryId":"018ec4b8-30c5-7c09-a519-4b4a243ce8c3","createdAt":[1722155848,666000000],"id":"0190f87c-d3da-7cf0-8c41-41bb64caadad","parentCardId":"018f028d-061d-7dbc-a0bb-15b565713eb1","text":"Support dropping as child of card that already has children"}}}}
{"payload":{"updateId":"0190f87d-072e-72b3-a98d-687988323445","mutation":{"type":"cardAdd","cardAdd":{"categoryId":"018ec4b8-30c5-7c09-a519-4b4a243ce8c3","createdAt":[1722155861,806000000],"id":"0190f87d-072e-72b3-a98d-68782116ca98","parentCardId":"018f028d-061d-7dbc-a0bb-15b565713eb1","text":"Support dropping as child of card with no children"}}}}
{"payload":{"updateId":"0190f87d-2452-7520-9f77-51a24c41bbbc","mutation":{"type":"cardEdit","cardEdit":{"status":"done","createdAt":[1722155869,266000000],"id":"0190f87c-d3da-7cf0-8c41-41bb64caadad"}}}}
